<?xml version="1.0" encoding="UTF-8"?>
<testng-results ignored="0" total="1" passed="1" failed="0" skipped="0">
  <reporter-output>
  </reporter-output>
  <suite started-at="2019-09-21T23:02:35Z" name="Default suite" finished-at="2019-09-21T23:02:58Z" duration-ms="22911">
    <groups>
    </groups>
    <test started-at="2019-09-21T23:02:35Z" name="Default test" finished-at="2019-09-21T23:02:58Z" duration-ms="22911">
      <class name="login.TestIdentity">
        <test-method is-config="true" signature="setup()[pri:0, instance:login.TestIdentity@2aece37d]" started-at="2019-09-21T23:02:35Z" name="setup" finished-at="2019-09-21T23:02:55Z" duration-ms="19475" status="PASS">
          <reporter-output>
          </reporter-output>
        </test-method> <!-- setup -->
        <test-method signature="VerifyElements()[pri:0, instance:login.TestIdentity@2aece37d]" started-at="2019-09-21T23:02:55Z" name="VerifyElements" finished-at="2019-09-21T23:02:58Z" duration-ms="3062" status="PASS">
          <reporter-output>
          </reporter-output>
        </test-method> <!-- VerifyElements -->
      </class> <!-- login.TestIdentity -->
    </test> <!-- Default test -->
  </suite> <!-- Default suite -->
</testng-results>
